<?xml version="1.0" encoding="UTF-8"?>
<!-- Generated by org.testng.reporters.JUnitReportReporter -->
<testsuite hostname="DESKTOP-L1HQCGI" failures="0" tests="11" name="Runner.RunTest" time="64.623" errors="0" timestamp="2022-05-15T22:34:08 EET" skipped="0">
  <testcase classname="Runner.RunTest" name="runScenario" time="2.486"/>
  <system-out/>
  <testcase classname="Runner.RunTest" name="runScenario" time="1.875"/>
  <system-out/>
  <testcase classname="Runner.RunTest" name="runScenario" time="3.756"/>
  <system-out/>
  <testcase classname="Runner.RunTest" name="runScenario" time="2.900"/>
  <system-out/>
  <testcase classname="Runner.RunTest" name="runScenario" time="2.807"/>
  <system-out/>
  <testcase classname="Runner.RunTest" name="runScenario" time="9.019"/>
  <system-out/>
  <testcase classname="Runner.RunTest" name="runScenario" time="27.086"/>
  <system-out/>
  <testcase classname="Runner.RunTest" name="runScenario" time="2.317"/>
  <system-out/>
  <testcase classname="Runner.RunTest" name="runScenario" time="1.135"/>
  <system-out/>
  <testcase classname="Runner.RunTest" name="runScenario" time="7.036"/>
  <system-out/>
  <testcase classname="Runner.RunTest" name="runScenario" time="4.206"/>
  <system-out/>
</testsuite> <!-- Runner.RunTest -->
